TN:
SF:src/app.ts
FNF:0
FNH:0
DA:1,4
DA:2,4
DA:3,4
DA:4,4
DA:5,4
DA:6,4
DA:7,4
DA:9,4
DA:11,4
DA:13,4
DA:40,4
DA:41,4
DA:43,4
DA:44,4
DA:45,4
DA:46,4
DA:48,4
LF:17
LH:17
BRF:0
BRH:0
end_of_record
TN:
SF:src/controllers/authController.ts
FN:11,(anonymous_1)
FN:17,(anonymous_2)
FN:57,(anonymous_3)
FN:96,(anonymous_4)
FN:109,(anonymous_5)
FN:119,(anonymous_6)
FN:136,(anonymous_7)
FNF:7
FNH:7
FNDA:19,(anonymous_1)
FNDA:17,(anonymous_2)
FNDA:1,(anonymous_3)
FNDA:1,(anonymous_4)
FNDA:1,(anonymous_5)
FNDA:1,(anonymous_6)
FNDA:1,(anonymous_7)
DA:2,4
DA:3,4
DA:4,4
DA:6,4
DA:7,4
DA:8,4
DA:9,4
DA:11,4
DA:12,19
DA:13,19
DA:14,19
DA:17,4
DA:18,17
DA:19,17
DA:21,17
DA:22,0
DA:23,0
DA:26,17
DA:27,17
DA:28,0
DA:29,0
DA:32,17
DA:33,17
DA:39,17
DA:40,17
DA:41,17
DA:43,17
DA:53,0
DA:57,4
DA:58,1
DA:59,1
DA:61,1
DA:62,0
DA:63,0
DA:66,1
DA:67,1
DA:68,0
DA:69,0
DA:72,1
DA:73,1
DA:74,0
DA:75,0
DA:78,1
DA:79,1
DA:80,1
DA:82,1
DA:92,0
DA:96,4
DA:97,1
DA:98,1
DA:100,1
DA:101,0
DA:102,0
DA:105,1
DA:106,1
DA:108,1
DA:109,1
DA:110,1
DA:113,1
DA:115,0
DA:119,4
DA:120,1
DA:121,1
DA:123,1
DA:124,0
DA:125,0
DA:128,1
DA:129,1
DA:131,1
DA:132,0
DA:133,0
DA:136,1
DA:138,1
DA:139,1
DA:140,1
DA:142,1
DA:147,0
LF:77
LH:57
BRDA:6,0,0,4
BRDA:6,0,1,4
BRDA:7,1,0,4
BRDA:7,1,1,4
BRDA:21,2,0,0
BRDA:21,3,0,17
BRDA:21,3,1,17
BRDA:21,3,2,17
BRDA:27,4,0,0
BRDA:61,5,0,0
BRDA:61,6,0,1
BRDA:61,6,1,1
BRDA:67,7,0,0
BRDA:73,8,0,0
BRDA:100,9,0,0
BRDA:108,10,0,1
BRDA:123,11,0,0
BRDA:131,12,0,0
BRDA:131,13,0,1
BRDA:131,13,1,1
BRF:20
BRH:12
end_of_record
TN:
SF:src/controllers/commentController.ts
FN:6,(anonymous_1)
FN:29,(anonymous_2)
FN:40,(anonymous_3)
FN:55,(anonymous_4)
FN:65,(anonymous_5)
FN:92,(anonymous_6)
FNF:6
FNH:6
FNDA:5,(anonymous_1)
FNDA:1,(anonymous_2)
FNDA:1,(anonymous_3)
FNDA:1,(anonymous_4)
FNDA:1,(anonymous_5)
FNDA:1,(anonymous_6)
DA:2,4
DA:3,4
DA:6,4
DA:7,5
DA:8,5
DA:9,5
DA:11,5
DA:12,0
DA:13,0
DA:16,5
DA:17,5
DA:18,0
DA:19,0
DA:22,5
DA:23,5
DA:25,0
DA:29,4
DA:30,1
DA:31,1
DA:34,1
DA:36,0
DA:40,4
DA:41,1
DA:42,1
DA:45,1
DA:46,0
DA:47,0
DA:49,1
DA:51,0
DA:55,4
DA:56,1
DA:57,1
DA:59,1
DA:61,0
DA:65,4
DA:66,1
DA:67,1
DA:68,1
DA:70,1
DA:71,0
DA:72,0
DA:75,1
DA:76,0
DA:77,0
DA:80,1
DA:86,1
DA:88,0
DA:92,4
DA:93,1
DA:94,1
DA:96,1
DA:97,0
DA:98,0
DA:101,1
DA:102,0
DA:103,0
DA:106,1
DA:107,1
DA:109,0
LF:59
LH:39
BRDA:11,0,0,0
BRDA:11,1,0,5
BRDA:11,1,1,5
BRDA:17,2,0,0
BRDA:45,3,0,0
BRDA:70,4,0,0
BRDA:75,5,0,0
BRDA:96,6,0,0
BRDA:101,7,0,0
BRF:9
BRH:2
end_of_record
TN:
SF:src/controllers/postController.ts
FN:5,(anonymous_1)
FN:22,(anonymous_2)
FN:36,(anonymous_3)
FN:49,(anonymous_4)
FN:76,(anonymous_5)
FNF:5
FNH:5
FNDA:9,(anonymous_1)
FNDA:1,(anonymous_2)
FNDA:1,(anonymous_3)
FNDA:1,(anonymous_4)
FNDA:1,(anonymous_5)
DA:2,4
DA:5,4
DA:6,9
DA:7,9
DA:8,9
DA:10,9
DA:11,0
DA:12,0
DA:15,9
DA:16,9
DA:18,0
DA:22,4
DA:23,1
DA:24,1
DA:25,1
DA:26,0
DA:29,1
DA:30,1
DA:32,0
DA:36,4
DA:37,1
DA:38,1
DA:39,1
DA:40,0
DA:41,0
DA:43,1
DA:45,0
DA:49,4
DA:50,1
DA:51,1
DA:52,1
DA:54,1
DA:55,0
DA:56,0
DA:59,1
DA:60,0
DA:61,0
DA:64,1
DA:70,1
DA:72,0
DA:76,4
DA:77,1
DA:78,1
DA:80,1
DA:81,0
DA:82,0
DA:85,1
DA:86,0
DA:87,0
DA:90,1
DA:91,1
DA:93,0
LF:52
LH:34
BRDA:10,0,0,0
BRDA:10,1,0,9
BRDA:10,1,1,9
BRDA:25,2,0,0
BRDA:39,3,0,0
BRDA:54,4,0,0
BRDA:59,5,0,0
BRDA:80,6,0,0
BRDA:85,7,0,0
BRF:9
BRH:2
end_of_record
TN:
SF:src/controllers/userController.ts
FN:5,(anonymous_1)
FN:14,(anonymous_2)
FN:27,(anonymous_3)
FN:52,(anonymous_4)
FNF:4
FNH:4
FNDA:1,(anonymous_1)
FNDA:1,(anonymous_2)
FNDA:1,(anonymous_3)
FNDA:1,(anonymous_4)
DA:2,4
DA:3,4
DA:5,4
DA:6,1
DA:7,1
DA:8,1
DA:10,0
DA:14,4
DA:15,1
DA:16,1
DA:17,1
DA:18,0
DA:19,0
DA:21,1
DA:23,0
DA:27,4
DA:28,1
DA:29,1
DA:30,1
DA:32,1
DA:33,1
DA:34,1
DA:36,1
DA:42,1
DA:43,0
DA:44,0
DA:46,1
DA:48,0
DA:52,4
DA:53,1
DA:54,1
DA:55,1
DA:56,0
DA:57,0
DA:59,1
DA:61,0
LF:36
LH:26
BRDA:17,0,0,0
BRDA:32,1,0,1
BRDA:33,2,0,0
BRDA:34,3,0,0
BRDA:42,4,0,0
BRDA:55,5,0,0
BRF:6
BRH:1
end_of_record
TN:
SF:src/middleware/authMiddleware.ts
FN:11,(anonymous_1)
FNF:1
FNH:1
FNDA:22,(anonymous_1)
DA:2,4
DA:5,4
DA:11,4
DA:12,22
DA:14,22
DA:15,0
DA:16,0
DA:19,22
DA:21,22
DA:22,22
DA:23,22
DA:24,22
DA:26,0
LF:13
LH:10
BRDA:5,0,0,4
BRDA:5,0,1,4
BRDA:14,1,0,0
BRDA:14,2,0,22
BRDA:14,2,1,22
BRF:5
BRH:4
end_of_record
TN:
SF:src/models/commentModel.ts
FNF:0
FNH:0
DA:1,4
DA:11,4
DA:31,4
LF:3
LH:3
BRF:0
BRH:0
end_of_record
TN:
SF:src/models/postModel.ts
FNF:0
FNH:0
DA:1,4
DA:11,4
DA:30,4
LF:3
LH:3
BRF:0
BRH:0
end_of_record
TN:
SF:src/models/userModel.ts
FNF:0
FNH:0
DA:1,4
DA:12,4
DA:41,4
LF:3
LH:3
BRF:0
BRH:0
end_of_record
TN:
SF:src/routes/authRoute.ts
FNF:0
FNH:0
DA:1,4
DA:2,4
DA:4,4
DA:35,4
DA:63,4
DA:86,4
DA:111,4
DA:113,4
LF:8
LH:8
BRF:0
BRH:0
end_of_record
TN:
SF:src/routes/commentRoute.ts
FNF:0
FNH:0
DA:1,4
DA:2,4
DA:10,4
DA:12,4
DA:44,4
DA:56,4
DA:76,4
DA:94,4
DA:126,4
DA:150,4
DA:152,4
LF:11
LH:11
BRF:0
BRH:0
end_of_record
TN:
SF:src/routes/postRoute.ts
FNF:0
FNH:0
DA:1,4
DA:2,4
DA:3,4
DA:5,4
DA:35,4
DA:53,4
DA:73,4
DA:107,4
DA:131,4
DA:133,4
LF:10
LH:10
BRF:0
BRH:0
end_of_record
TN:
SF:src/routes/userRoute.ts
FNF:0
FNH:0
DA:1,4
DA:2,4
DA:3,4
DA:5,4
DA:21,4
DA:43,4
DA:77,4
DA:99,4
DA:101,4
LF:9
LH:9
BRF:0
BRH:0
end_of_record
